2023.12.17 01:00:06 INFO  Attempting to connect to the build server...
2023.12.17 01:00:06 INFO  Bloop uses C:\Program Files\Eclipse Adoptium\jdk-17.0.8.101-hotspot defined at C:\Users\simon\.bloop\bloop.json
2023.12.17 01:00:06 INFO  tracing is disabled for protocol BSP, to enable tracing of incoming and outgoing JSON messages create an empty file at C:\Users\simon\Documents\Functional\week3\.metals\bsp.trace.json or C:\Users\simon\AppData\Local\scalameta\metals\cache\bsp.trace.json
2023.12.17 01:00:06 INFO  time: Connected to build server in 75ms
2023.12.17 01:00:06 INFO  Connected to Build server: Bloop v1.5.13
2023.12.17 01:00:07 INFO  time: indexed workspace in 1.55s
2023.12.17 01:00:07 WARN  no build target for: C:\Users\simon\Documents\Functional\week2\funsets\src\main\scala\funsets\FunSets.scala
2023.12.17 01:00:44 INFO  compiling objsets (4 scala sources)
2023.12.17 01:00:46 INFO  time: compiled objsets in 2.35s
2023.12.17 01:06:22 INFO  time: evaluated worksheet 'example.worksheet.sc' in 1.42s
2023.12.17 01:14:31 INFO  Started: Metals version 1.2.0 in folders 'C:\Users\simon\Documents\Functional\scala-project, C:\Users\simon\Documents\Functional\week1, C:\Users\simon\Documents\Functional\week2, C:\Users\simon\Documents\Functional\week3' for client Visual Studio Code 1.85.1.
2023.12.17 01:14:37 INFO  Attempting to connect to the build server...
2023.12.17 01:14:37 INFO  skipping build import with status 'Installed'
2023.12.17 01:14:37 INFO  Bloop uses C:\Program Files\Eclipse Adoptium\jdk-17.0.8.101-hotspot defined at C:\Users\simon\.bloop\bloop.json
2023.12.17 01:14:41 INFO  Attempting to connect to the build server...
2023.12.17 01:14:41 INFO  Bloop uses C:\Program Files\Eclipse Adoptium\jdk-17.0.8.101-hotspot defined at C:\Users\simon\.bloop\bloop.json
2023.12.17 01:14:42 INFO  no build target found for C:\Users\simon\Documents\Functional\scala-project\src\main\scala\example\example.worksheet.sc. Using presentation compiler with project's scala-library version: 3.3.1
2023.12.17 01:14:42 INFO  tracing is disabled for protocol BSP, to enable tracing of incoming and outgoing JSON messages create an empty file at C:\Users\simon\Documents\Functional\scala-project\.metals\bsp.trace.json or C:\Users\simon\AppData\Local\scalameta\metals\cache\bsp.trace.json
2023.12.17 01:14:43 INFO  tracing is disabled for protocol BSP, to enable tracing of incoming and outgoing JSON messages create an empty file at C:\Users\simon\Documents\Functional\week1\.metals\bsp.trace.json or C:\Users\simon\AppData\Local\scalameta\metals\cache\bsp.trace.json
2023.12.17 01:14:43 INFO  Attempting to connect to the build server...
2023.12.17 01:14:43 INFO  Bloop uses C:\Program Files\Eclipse Adoptium\jdk-17.0.8.101-hotspot defined at C:\Users\simon\.bloop\bloop.json
2023.12.17 01:14:43 INFO  tracing is disabled for protocol BSP, to enable tracing of incoming and outgoing JSON messages create an empty file at C:\Users\simon\Documents\Functional\scala-project\project\.metals\bsp.trace.json or C:\Users\simon\AppData\Local\scalameta\metals\cache\bsp.trace.json
2023.12.17 01:14:43 INFO  time: Connected to build server in 6.64s
2023.12.17 01:14:43 INFO  Connected to Build server: Bloop v1.5.13
2023.12.17 01:14:44 INFO  time: Imported build in 0.16s
2023.12.17 01:14:43 INFO  time: Connected to build server in 2.52s
2023.12.17 01:14:43 INFO  Connected to Build server: Bloop v1.5.13
2023.12.17 01:14:45 INFO  Attempting to connect to the build server...
2023.12.17 01:14:45 INFO  Bloop uses C:\Program Files\Eclipse Adoptium\jdk-17.0.8.101-hotspot defined at C:\Users\simon\.bloop\bloop.json
2023.12.17 01:14:45 INFO  tracing is disabled for protocol BSP, to enable tracing of incoming and outgoing JSON messages create an empty file at C:\Users\simon\Documents\Functional\week2\.metals\bsp.trace.json or C:\Users\simon\AppData\Local\scalameta\metals\cache\bsp.trace.json
2023.12.17 01:14:45 INFO  time: Connected to build server in 0.18s
2023.12.17 01:14:45 INFO  Connected to Build server: Bloop v1.5.13
2023.12.17 01:14:48 INFO  time: indexed workspace in 2.71s
2023.12.17 01:14:48 INFO  time: indexed workspace in 4.69s
2023.12.17 01:14:49 WARN  no build target for: C:\Users\simon\Documents\Functional\scala-project\src\main\scala\example\example.worksheet.sc
2023.12.17 01:14:49 WARN  no build target for: C:\Users\simon\Documents\Functional\scala-project\src\main\scala\example\example.worksheet.sc
2023.12.17 01:14:50 INFO  Attempting to connect to the build server...
2023.12.17 01:14:50 INFO  Bloop uses C:\Program Files\Eclipse Adoptium\jdk-17.0.8.101-hotspot defined at C:\Users\simon\.bloop\bloop.json
2023.12.17 01:14:50 INFO  tracing is disabled for protocol BSP, to enable tracing of incoming and outgoing JSON messages create an empty file at C:\Users\simon\Documents\Functional\week3\.metals\bsp.trace.json or C:\Users\simon\AppData\Local\scalameta\metals\cache\bsp.trace.json
2023.12.17 01:14:50 INFO  time: Connected to build server in 0.33s
2023.12.17 01:14:50 INFO  Connected to Build server: Bloop v1.5.13
2023.12.17 01:14:53 INFO  time: indexed workspace in 2.75s
2023.12.17 01:14:53 WARN  no build target for: C:\Users\simon\Documents\Functional\scala-project\src\main\scala\example\example.worksheet.sc
2023.12.17 01:15:01 INFO  time: evaluated worksheet 'example.worksheet.sc' in 11s
2023.12.17 01:15:01 INFO  time: indexed workspace in 17s
2023.12.17 01:15:09 INFO  time: evaluated worksheet 'example.worksheet.sc' in 16s
2023.12.17 01:15:11 INFO  time: evaluated worksheet 'example.worksheet.sc' in 22s
2023.12.17 01:15:16 INFO  time: evaluated worksheet 'example.worksheet.sc' in 14s
2023.12.17 01:15:18 INFO  time: evaluated worksheet 'example.worksheet.sc' in 2.14s
2023.12.17 01:15:18 INFO  time: code lens generation in 2.3s
2023.12.17 01:15:18 INFO  time: code lens generation in 1.82s
2023.12.17 01:15:18 INFO  time: code lens generation in 2.3s
2023.12.17 01:15:18 INFO  time: code lens generation in 2.3s
2023.12.17 01:15:18 INFO  time: code lens generation in 2.3s
Dec 17, 2023 1:18:45 AM org.eclipse.lsp4j.jsonrpc.RemoteEndpoint fallbackResponseError
SEVERE: Internal error: scala.meta.internal.metals.debug.DebugProvider$NoRunOptionException$: There is nothing to run or test in the current file.
java.util.concurrent.CompletionException: scala.meta.internal.metals.debug.DebugProvider$NoRunOptionException$: There is nothing to run or test in the current file.
	at java.base/java.util.concurrent.CompletableFuture.encodeThrowable(CompletableFuture.java:331)
	at java.base/java.util.concurrent.CompletableFuture.uniAcceptNow(CompletableFuture.java:743)
	at java.base/java.util.concurrent.CompletableFuture.uniAcceptStage(CompletableFuture.java:731)
	at java.base/java.util.concurrent.CompletableFuture.thenAcceptAsync(CompletableFuture.java:2112)
	at scala.concurrent.java8.FuturesConvertersImpl$CF.thenAccept(FutureConvertersImpl.scala:37)
	at org.eclipse.lsp4j.jsonrpc.RemoteEndpoint.handleRequest(RemoteEndpoint.java:279)
	at org.eclipse.lsp4j.jsonrpc.RemoteEndpoint.consume(RemoteEndpoint.java:190)
	at org.eclipse.lsp4j.jsonrpc.json.StreamMessageProducer.handleMessage(StreamMessageProducer.java:194)
	at org.eclipse.lsp4j.jsonrpc.json.StreamMessageProducer.listen(StreamMessageProducer.java:94)
	at org.eclipse.lsp4j.jsonrpc.json.ConcurrentMessageProcessor.run(ConcurrentMessageProcessor.java:113)
	at java.base/java.util.concurrent.Executors$RunnableAdapter.call(Executors.java:515)
	at java.base/java.util.concurrent.FutureTask.run(FutureTask.java:264)
	at java.base/java.util.concurrent.ThreadPoolExecutor.runWorker(ThreadPoolExecutor.java:1128)
	at java.base/java.util.concurrent.ThreadPoolExecutor$Worker.run(ThreadPoolExecutor.java:628)
	at java.base/java.lang.Thread.run(Thread.java:834)
Caused by: scala.meta.internal.metals.debug.DebugProvider$NoRunOptionException$: There is nothing to run or test in the current file.
	at scala.meta.internal.metals.debug.DebugProvider$NoRunOptionException$.<clinit>(DebugProvider.scala:916)
	at scala.meta.internal.metals.debug.DebugProvider.$anonfun$resolveInFile$2(DebugProvider.scala:371)
	at scala.Option.fold(Option.scala:263)
	at scala.meta.internal.metals.debug.DebugProvider.resolveInFile(DebugProvider.scala:342)
	at scala.meta.internal.metals.debug.DebugProvider.debugDiscovery(DebugProvider.scala:482)
	at scala.meta.internal.metals.debug.DebugProvider.runCommandDiscovery(DebugProvider.scala:420)
	at scala.meta.internal.metals.MetalsLspService.discoverMainClasses(MetalsLspService.scala:1779)
	at scala.meta.internal.metals.WorkspaceLspService.executeCommand(WorkspaceLspService.scala:719)
	at scala.meta.metals.lsp.DelegatingScalaService.executeCommand(DelegatingScalaService.scala:169)
	at java.base/jdk.internal.reflect.NativeMethodAccessorImpl.invoke0(Native Method)
	at java.base/jdk.internal.reflect.NativeMethodAccessorImpl.invoke(NativeMethodAccessorImpl.java:62)
	at java.base/jdk.internal.reflect.DelegatingMethodAccessorImpl.invoke(DelegatingMethodAccessorImpl.java:43)
	at java.base/java.lang.reflect.Method.invoke(Method.java:566)
	at org.eclipse.lsp4j.jsonrpc.services.GenericEndpoint.lambda$null$0(GenericEndpoint.java:65)
	at org.eclipse.lsp4j.jsonrpc.services.GenericEndpoint.request(GenericEndpoint.java:120)
	at org.eclipse.lsp4j.jsonrpc.RemoteEndpoint.handleRequest(RemoteEndpoint.java:261)
	... 9 more

2023.12.17 01:18:56 INFO  running 'C:\Users\simon\AppData\Local\Coursier\cache\arc\https\github.com\AdoptOpenJDK\openjdk11-binaries\releases\download\jdk-11%252B28\OpenJDK11-jdk_x64_windows_hotspot_11_28.zip\jdk-11+28\bin\java.exe -Djline.terminal=jline.UnsupportedTerminal -Dsbt.log.noformat=true -Dfile.encoding=UTF-8 -jar C:\Users\simon\AppData\Local\Temp\metals9335828412200536504\sbt-launch.jar -Dbloop.export-jar-classifiers=sources bloopInstall'
2023.12.17 01:19:00 INFO  [info] welcome to sbt 1.8.2 (Oracle Corporation Java 11)
2023.12.17 01:19:02 INFO  [info] loading settings for project objsets-build-build-build from metals.sbt ...
2023.12.17 01:19:02 INFO  [info] loading project definition from C:\Users\simon\Documents\Functional\week3\objsets\project\project\project
2023.12.17 01:19:05 INFO  [info] loading settings for project objsets-build-build from metals.sbt ...
2023.12.17 01:19:05 INFO  [info] loading project definition from C:\Users\simon\Documents\Functional\week3\objsets\project\project
2023.12.17 01:19:08 INFO  [success] Generated .bloop\objsets-build-build.json
2023.12.17 01:19:08 INFO  [success] Total time: 3 s, completed 17 Dec 2023, 01:19:08
2023.12.17 01:19:09 INFO  [info] loading settings for project objsets-build from buildSettings.sbt,metals.sbt,plugins.sbt ...
2023.12.17 01:19:09 INFO  [info] loading project definition from C:\Users\simon\Documents\Functional\week3\objsets\project
2023.12.17 01:19:11 INFO  [success] Generated .bloop\objsets-build.json
2023.12.17 01:19:11 INFO  [success] Total time: 2 s, completed 17 Dec 2023, 01:19:12
2023.12.17 01:19:13 INFO  [info] loading settings for project objsets from assignment.sbt,build.sbt ...
2023.12.17 01:19:13 INFO  [info] set current project to progfun1-objsets (in build file:/C:/Users/simon/Documents/Functional/week3/objsets/)
2023.12.17 01:19:13 INFO  [success] Generated .bloop\objsets-test.json
2023.12.17 01:19:13 INFO  [success] Generated .bloop\objsets.json
2023.12.17 01:19:13 INFO  [success] Total time: 0 s, completed 17 Dec 2023, 01:19:14
2023.12.17 01:19:14 INFO  time: ran 'sbt bloopInstall' in 18s
2023.12.17 01:19:14 INFO  Disconnecting from Bloop session...
2023.12.17 01:19:14 INFO  Shut down connection with build server.
2023.12.17 01:19:14 INFO  Attempting to connect to the build server...
2023.12.17 01:19:14 INFO  Bloop uses C:\Program Files\Eclipse Adoptium\jdk-17.0.8.101-hotspot defined at C:\Users\simon\.bloop\bloop.json
2023.12.17 01:19:14 INFO  tracing is disabled for protocol BSP, to enable tracing of incoming and outgoing JSON messages create an empty file at C:\Users\simon\Documents\Functional\week3\.metals\bsp.trace.json or C:\Users\simon\AppData\Local\scalameta\metals\cache\bsp.trace.json
2023.12.17 01:19:14 INFO  time: Connected to build server in 52ms
2023.12.17 01:19:14 INFO  Connected to Build server: Bloop v1.5.13
2023.12.17 01:19:16 INFO  time: indexed workspace in 1.1s
2023.12.17 01:19:16 WARN  no build target for: C:\Users\simon\Documents\Functional\scala-project\src\main\scala\example\example.worksheet.sc
2023.12.17 01:19:18 INFO  time: evaluated worksheet 'example.worksheet.sc' in 2.15s
Dec 17, 2023 1:19:21 AM org.eclipse.lsp4j.jsonrpc.RemoteEndpoint fallbackResponseError
SEVERE: Internal error: scala.meta.internal.metals.debug.DebugProvider$NoRunOptionException$: There is nothing to run or test in the current file.
java.util.concurrent.CompletionException: scala.meta.internal.metals.debug.DebugProvider$NoRunOptionException$: There is nothing to run or test in the current file.
	at java.base/java.util.concurrent.CompletableFuture.encodeThrowable(CompletableFuture.java:331)
	at java.base/java.util.concurrent.CompletableFuture.uniAcceptNow(CompletableFuture.java:743)
	at java.base/java.util.concurrent.CompletableFuture.uniAcceptStage(CompletableFuture.java:731)
	at java.base/java.util.concurrent.CompletableFuture.thenAcceptAsync(CompletableFuture.java:2112)
	at scala.concurrent.java8.FuturesConvertersImpl$CF.thenAccept(FutureConvertersImpl.scala:37)
	at org.eclipse.lsp4j.jsonrpc.RemoteEndpoint.handleRequest(RemoteEndpoint.java:279)
	at org.eclipse.lsp4j.jsonrpc.RemoteEndpoint.consume(RemoteEndpoint.java:190)
	at org.eclipse.lsp4j.jsonrpc.json.StreamMessageProducer.handleMessage(StreamMessageProducer.java:194)
	at org.eclipse.lsp4j.jsonrpc.json.StreamMessageProducer.listen(StreamMessageProducer.java:94)
	at org.eclipse.lsp4j.jsonrpc.json.ConcurrentMessageProcessor.run(ConcurrentMessageProcessor.java:113)
	at java.base/java.util.concurrent.Executors$RunnableAdapter.call(Executors.java:515)
	at java.base/java.util.concurrent.FutureTask.run(FutureTask.java:264)
	at java.base/java.util.concurrent.ThreadPoolExecutor.runWorker(ThreadPoolExecutor.java:1128)
	at java.base/java.util.concurrent.ThreadPoolExecutor$Worker.run(ThreadPoolExecutor.java:628)
	at java.base/java.lang.Thread.run(Thread.java:834)
Caused by: scala.meta.internal.metals.debug.DebugProvider$NoRunOptionException$: There is nothing to run or test in the current file.
	at scala.meta.internal.metals.debug.DebugProvider$NoRunOptionException$.<clinit>(DebugProvider.scala:916)
	at scala.meta.internal.metals.debug.DebugProvider.$anonfun$resolveInFile$2(DebugProvider.scala:371)
	at scala.Option.fold(Option.scala:263)
	at scala.meta.internal.metals.debug.DebugProvider.resolveInFile(DebugProvider.scala:342)
	at scala.meta.internal.metals.debug.DebugProvider.debugDiscovery(DebugProvider.scala:482)
	at scala.meta.internal.metals.debug.DebugProvider.runCommandDiscovery(DebugProvider.scala:420)
	at scala.meta.internal.metals.MetalsLspService.discoverMainClasses(MetalsLspService.scala:1779)
	at scala.meta.internal.metals.WorkspaceLspService.executeCommand(WorkspaceLspService.scala:719)
	at scala.meta.metals.lsp.DelegatingScalaService.executeCommand(DelegatingScalaService.scala:169)
	at java.base/jdk.internal.reflect.NativeMethodAccessorImpl.invoke0(Native Method)
	at java.base/jdk.internal.reflect.NativeMethodAccessorImpl.invoke(NativeMethodAccessorImpl.java:62)
	at java.base/jdk.internal.reflect.DelegatingMethodAccessorImpl.invoke(DelegatingMethodAccessorImpl.java:43)
	at java.base/java.lang.reflect.Method.invoke(Method.java:566)
	at org.eclipse.lsp4j.jsonrpc.services.GenericEndpoint.lambda$null$0(GenericEndpoint.java:65)
	at org.eclipse.lsp4j.jsonrpc.services.GenericEndpoint.request(GenericEndpoint.java:120)
	at org.eclipse.lsp4j.jsonrpc.RemoteEndpoint.handleRequest(RemoteEndpoint.java:261)
	... 9 more

Dec 17, 2023 1:21:37 AM org.eclipse.lsp4j.jsonrpc.RemoteEndpoint fallbackResponseError
SEVERE: Internal error: scala.meta.internal.metals.debug.DebugProvider$NoRunOptionException$: There is nothing to run or test in the current file.
java.util.concurrent.CompletionException: scala.meta.internal.metals.debug.DebugProvider$NoRunOptionException$: There is nothing to run or test in the current file.
	at java.base/java.util.concurrent.CompletableFuture.encodeThrowable(CompletableFuture.java:331)
	at java.base/java.util.concurrent.CompletableFuture.uniAcceptNow(CompletableFuture.java:743)
	at java.base/java.util.concurrent.CompletableFuture.uniAcceptStage(CompletableFuture.java:731)
	at java.base/java.util.concurrent.CompletableFuture.thenAcceptAsync(CompletableFuture.java:2112)
	at scala.concurrent.java8.FuturesConvertersImpl$CF.thenAccept(FutureConvertersImpl.scala:37)
	at org.eclipse.lsp4j.jsonrpc.RemoteEndpoint.handleRequest(RemoteEndpoint.java:279)
	at org.eclipse.lsp4j.jsonrpc.RemoteEndpoint.consume(RemoteEndpoint.java:190)
	at org.eclipse.lsp4j.jsonrpc.json.StreamMessageProducer.handleMessage(StreamMessageProducer.java:194)
	at org.eclipse.lsp4j.jsonrpc.json.StreamMessageProducer.listen(StreamMessageProducer.java:94)
	at org.eclipse.lsp4j.jsonrpc.json.ConcurrentMessageProcessor.run(ConcurrentMessageProcessor.java:113)
	at java.base/java.util.concurrent.Executors$RunnableAdapter.call(Executors.java:515)
	at java.base/java.util.concurrent.FutureTask.run(FutureTask.java:264)
	at java.base/java.util.concurrent.ThreadPoolExecutor.runWorker(ThreadPoolExecutor.java:1128)
	at java.base/java.util.concurrent.ThreadPoolExecutor$Worker.run(ThreadPoolExecutor.java:628)
	at java.base/java.lang.Thread.run(Thread.java:834)
Caused by: scala.meta.internal.metals.debug.DebugProvider$NoRunOptionException$: There is nothing to run or test in the current file.
	at scala.meta.internal.metals.debug.DebugProvider$NoRunOptionException$.<clinit>(DebugProvider.scala:916)
	at scala.meta.internal.metals.debug.DebugProvider.$anonfun$resolveInFile$2(DebugProvider.scala:371)
	at scala.Option.fold(Option.scala:263)
	at scala.meta.internal.metals.debug.DebugProvider.resolveInFile(DebugProvider.scala:342)
	at scala.meta.internal.metals.debug.DebugProvider.debugDiscovery(DebugProvider.scala:482)
	at scala.meta.internal.metals.debug.DebugProvider.runCommandDiscovery(DebugProvider.scala:420)
	at scala.meta.internal.metals.MetalsLspService.discoverMainClasses(MetalsLspService.scala:1779)
	at scala.meta.internal.metals.WorkspaceLspService.executeCommand(WorkspaceLspService.scala:719)
	at scala.meta.metals.lsp.DelegatingScalaService.executeCommand(DelegatingScalaService.scala:169)
	at java.base/jdk.internal.reflect.NativeMethodAccessorImpl.invoke0(Native Method)
	at java.base/jdk.internal.reflect.NativeMethodAccessorImpl.invoke(NativeMethodAccessorImpl.java:62)
	at java.base/jdk.internal.reflect.DelegatingMethodAccessorImpl.invoke(DelegatingMethodAccessorImpl.java:43)
	at java.base/java.lang.reflect.Method.invoke(Method.java:566)
	at org.eclipse.lsp4j.jsonrpc.services.GenericEndpoint.lambda$null$0(GenericEndpoint.java:65)
	at org.eclipse.lsp4j.jsonrpc.services.GenericEndpoint.request(GenericEndpoint.java:120)
	at org.eclipse.lsp4j.jsonrpc.RemoteEndpoint.handleRequest(RemoteEndpoint.java:261)
	... 9 more

2023.12.20 21:20:59 INFO  Bloop uses C:\Program Files\Eclipse Adoptium\jdk-17.0.8.101-hotspot defined at C:\Users\simon\.bloop\bloop.json
2023.12.20 21:20:59 INFO  tracing is disabled for protocol BSP, to enable tracing of incoming and outgoing JSON messages create an empty file at C:\Users\simon\Documents\Functional\scala-project\.metals\bsp.trace.json or C:\Users\simon\AppData\Local\scalameta\metals\cache\bsp.trace.json
2023.12.20 21:21:00 INFO  Connected to Build server: Bloop v1.5.13
2023.12.20 21:21:00 INFO  Bloop uses C:\Program Files\Eclipse Adoptium\jdk-17.0.8.101-hotspot defined at C:\Users\simon\.bloop\bloop.json
2023.12.20 21:20:59 INFO  Bloop uses C:\Program Files\Eclipse Adoptium\jdk-17.0.8.101-hotspot defined at C:\Users\simon\.bloop\bloop.json
2023.12.20 21:21:00 INFO  tracing is disabled for protocol BSP, to enable tracing of incoming and outgoing JSON messages create an empty file at C:\Users\simon\Documents\Functional\scala-project\project\.metals\bsp.trace.json or C:\Users\simon\AppData\Local\scalameta\metals\cache\bsp.trace.json
2023.12.20 21:21:00 INFO  tracing is disabled for protocol BSP, to enable tracing of incoming and outgoing JSON messages create an empty file at C:\Users\simon\Documents\Functional\scala-project\project\.metals\bsp.trace.json or C:\Users\simon\AppData\Local\scalameta\metals\cache\bsp.trace.json
2023.12.20 21:21:00 INFO  time: Imported build in 0.35s
2023.12.20 21:21:02 INFO  time: evaluated worksheet 'example.worksheet.sc' in 2.13s
2023.12.20 21:21:02 INFO  time: code lens generation in 2.21s
Dec 20, 2023 9:21:04 PM org.eclipse.lsp4j.jsonrpc.RemoteEndpoint fallbackResponseError
SEVERE: Internal error: scala.meta.internal.metals.debug.DebugProvider$NoRunOptionException$: There is nothing to run or test in the current file.
java.util.concurrent.CompletionException: scala.meta.internal.metals.debug.DebugProvider$NoRunOptionException$: There is nothing to run or test in the current file.
	at java.base/java.util.concurrent.CompletableFuture.encodeThrowable(CompletableFuture.java:331)
	at java.base/java.util.concurrent.CompletableFuture.uniAcceptNow(CompletableFuture.java:743)
	at java.base/java.util.concurrent.CompletableFuture.uniAcceptStage(CompletableFuture.java:731)
	at java.base/java.util.concurrent.CompletableFuture.thenAcceptAsync(CompletableFuture.java:2112)
	at scala.concurrent.java8.FuturesConvertersImpl$CF.thenAccept(FutureConvertersImpl.scala:37)
	at org.eclipse.lsp4j.jsonrpc.RemoteEndpoint.handleRequest(RemoteEndpoint.java:279)
	at org.eclipse.lsp4j.jsonrpc.RemoteEndpoint.consume(RemoteEndpoint.java:190)
	at org.eclipse.lsp4j.jsonrpc.json.StreamMessageProducer.handleMessage(StreamMessageProducer.java:194)
	at org.eclipse.lsp4j.jsonrpc.json.StreamMessageProducer.listen(StreamMessageProducer.java:94)
	at org.eclipse.lsp4j.jsonrpc.json.ConcurrentMessageProcessor.run(ConcurrentMessageProcessor.java:113)
	at java.base/java.util.concurrent.Executors$RunnableAdapter.call(Executors.java:515)
	at java.base/java.util.concurrent.FutureTask.run(FutureTask.java:264)
	at java.base/java.util.concurrent.ThreadPoolExecutor.runWorker(ThreadPoolExecutor.java:1128)
	at java.base/java.util.concurrent.ThreadPoolExecutor$Worker.run(ThreadPoolExecutor.java:628)
	at java.base/java.lang.Thread.run(Thread.java:834)
Caused by: scala.meta.internal.metals.debug.DebugProvider$NoRunOptionException$: There is nothing to run or test in the current file.
	at scala.meta.internal.metals.debug.DebugProvider$NoRunOptionException$.<clinit>(DebugProvider.scala:916)
	at scala.meta.internal.metals.debug.DebugProvider.$anonfun$resolveInFile$2(DebugProvider.scala:371)
	at scala.Option.fold(Option.scala:263)
	at scala.meta.internal.metals.debug.DebugProvider.resolveInFile(DebugProvider.scala:342)
	at scala.meta.internal.metals.debug.DebugProvider.debugDiscovery(DebugProvider.scala:482)
	at scala.meta.internal.metals.debug.DebugProvider.runCommandDiscovery(DebugProvider.scala:420)
	at scala.meta.internal.metals.MetalsLspService.discoverMainClasses(MetalsLspService.scala:1779)
	at scala.meta.internal.metals.WorkspaceLspService.executeCommand(WorkspaceLspService.scala:719)
	at scala.meta.metals.lsp.DelegatingScalaService.executeCommand(DelegatingScalaService.scala:169)
	at java.base/jdk.internal.reflect.NativeMethodAccessorImpl.invoke0(Native Method)
	at java.base/jdk.internal.reflect.NativeMethodAccessorImpl.invoke(NativeMethodAccessorImpl.java:62)
	at java.base/jdk.internal.reflect.DelegatingMethodAccessorImpl.invoke(DelegatingMethodAccessorImpl.java:43)
	at java.base/java.lang.reflect.Method.invoke(Method.java:566)
	at org.eclipse.lsp4j.jsonrpc.services.GenericEndpoint.lambda$null$0(GenericEndpoint.java:65)
	at org.eclipse.lsp4j.jsonrpc.services.GenericEndpoint.request(GenericEndpoint.java:120)
	at org.eclipse.lsp4j.jsonrpc.RemoteEndpoint.handleRequest(RemoteEndpoint.java:261)
	... 9 more

2023.12.20 21:21:09 INFO  Disconnecting from Bloop session...
2023.12.20 21:21:09 INFO  Shut down connection with build server.
2023.12.20 21:21:09 INFO  Shut down connection with build server.
2023.12.20 21:21:09 INFO  Attempting to connect to the build server...
2023.12.20 21:21:09 INFO  Bloop uses C:\Program Files\Eclipse Adoptium\jdk-17.0.8.101-hotspot defined at C:\Users\simon\.bloop\bloop.json
2023.12.20 21:21:10 INFO  time: indexed workspace in 10s
2023.12.20 21:21:12 INFO  time: evaluated worksheet 'example.worksheet.sc' in 1.92s
2023.12.20 21:21:12 INFO  time: code lens generation in 1.89s
2023.12.20 21:21:13 INFO  tracing is disabled for protocol BSP, to enable tracing of incoming and outgoing JSON messages create an empty file at C:\Users\simon\Documents\Functional\scala-project\.metals\bsp.trace.json or C:\Users\simon\AppData\Local\scalameta\metals\cache\bsp.trace.json
2023.12.20 21:21:13 INFO  Attempting to connect to the build server...
2023.12.20 21:21:13 INFO  Bloop uses C:\Program Files\Eclipse Adoptium\jdk-17.0.8.101-hotspot defined at C:\Users\simon\.bloop\bloop.json
2023.12.20 21:21:13 INFO  tracing is disabled for protocol BSP, to enable tracing of incoming and outgoing JSON messages create an empty file at C:\Users\simon\Documents\Functional\scala-project\project\.metals\bsp.trace.json or C:\Users\simon\AppData\Local\scalameta\metals\cache\bsp.trace.json
2023.12.20 21:21:13 INFO  time: Connected to build server in 4.93s
2023.12.20 21:21:13 INFO  Connected to Build server: Bloop v1.5.13
2023.12.20 21:21:14 INFO  time: Imported build in 0.44s
2023.12.20 21:21:15 INFO  time: indexed workspace in 1.54s
2023.12.20 21:21:18 INFO  time: evaluated worksheet 'example.worksheet.sc' in 2.49s
2023.12.20 21:21:19 INFO  time: code lens generation in 3.06s
Dec 20, 2023 9:21:20 PM org.eclipse.lsp4j.jsonrpc.RemoteEndpoint fallbackResponseError
SEVERE: Internal error: scala.meta.internal.metals.debug.DebugProvider$NoRunOptionException$: There is nothing to run or test in the current file.
java.util.concurrent.CompletionException: scala.meta.internal.metals.debug.DebugProvider$NoRunOptionException$: There is nothing to run or test in the current file.
	at java.base/java.util.concurrent.CompletableFuture.encodeThrowable(CompletableFuture.java:331)
	at java.base/java.util.concurrent.CompletableFuture.uniAcceptNow(CompletableFuture.java:743)
	at java.base/java.util.concurrent.CompletableFuture.uniAcceptStage(CompletableFuture.java:731)
	at java.base/java.util.concurrent.CompletableFuture.thenAcceptAsync(CompletableFuture.java:2112)
	at scala.concurrent.java8.FuturesConvertersImpl$CF.thenAccept(FutureConvertersImpl.scala:37)
	at org.eclipse.lsp4j.jsonrpc.RemoteEndpoint.handleRequest(RemoteEndpoint.java:279)
	at org.eclipse.lsp4j.jsonrpc.RemoteEndpoint.consume(RemoteEndpoint.java:190)
	at org.eclipse.lsp4j.jsonrpc.json.StreamMessageProducer.handleMessage(StreamMessageProducer.java:194)
	at org.eclipse.lsp4j.jsonrpc.json.StreamMessageProducer.listen(StreamMessageProducer.java:94)
	at org.eclipse.lsp4j.jsonrpc.json.ConcurrentMessageProcessor.run(ConcurrentMessageProcessor.java:113)
	at java.base/java.util.concurrent.Executors$RunnableAdapter.call(Executors.java:515)
	at java.base/java.util.concurrent.FutureTask.run(FutureTask.java:264)
	at java.base/java.util.concurrent.ThreadPoolExecutor.runWorker(ThreadPoolExecutor.java:1128)
	at java.base/java.util.concurrent.ThreadPoolExecutor$Worker.run(ThreadPoolExecutor.java:628)
	at java.base/java.lang.Thread.run(Thread.java:834)
Caused by: scala.meta.internal.metals.debug.DebugProvider$NoRunOptionException$: There is nothing to run or test in the current file.
	at scala.meta.internal.metals.debug.DebugProvider$NoRunOptionException$.<clinit>(DebugProvider.scala:916)
	at scala.meta.internal.metals.debug.DebugProvider.$anonfun$resolveInFile$2(DebugProvider.scala:371)
	at scala.Option.fold(Option.scala:263)
	at scala.meta.internal.metals.debug.DebugProvider.resolveInFile(DebugProvider.scala:342)
	at scala.meta.internal.metals.debug.DebugProvider.debugDiscovery(DebugProvider.scala:482)
	at scala.meta.internal.metals.debug.DebugProvider.runCommandDiscovery(DebugProvider.scala:420)
	at scala.meta.internal.metals.MetalsLspService.discoverMainClasses(MetalsLspService.scala:1779)
	at scala.meta.internal.metals.WorkspaceLspService.executeCommand(WorkspaceLspService.scala:719)
	at scala.meta.metals.lsp.DelegatingScalaService.executeCommand(DelegatingScalaService.scala:169)
	at java.base/jdk.internal.reflect.NativeMethodAccessorImpl.invoke0(Native Method)
	at java.base/jdk.internal.reflect.NativeMethodAccessorImpl.invoke(NativeMethodAccessorImpl.java:62)
	at java.base/jdk.internal.reflect.DelegatingMethodAccessorImpl.invoke(DelegatingMethodAccessorImpl.java:43)
	at java.base/java.lang.reflect.Method.invoke(Method.java:566)
	at org.eclipse.lsp4j.jsonrpc.services.GenericEndpoint.lambda$null$0(GenericEndpoint.java:65)
	at org.eclipse.lsp4j.jsonrpc.services.GenericEndpoint.request(GenericEndpoint.java:120)
	at org.eclipse.lsp4j.jsonrpc.RemoteEndpoint.handleRequest(RemoteEndpoint.java:261)
	... 9 more

2023.12.20 21:21:33 INFO  Disconnecting from Bloop session...
2023.12.20 21:21:33 INFO  Shut down connection with build server.
2023.12.20 21:21:33 INFO  Shut down connection with build server.
2023.12.20 21:21:33 INFO  Disconnecting from Bloop session...
2023.12.20 21:21:33 INFO  Disconnecting from Bloop session...
2023.12.20 21:21:33 INFO  Disconnecting from Bloop session...
2023.12.20 21:21:33 ERROR build shutdown: bloop
java.util.concurrent.ExecutionException: org.eclipse.lsp4j.jsonrpc.JsonRpcException: java.io.IOException: An existing connection was forcibly closed by the remote host
	at java.util.concurrent.CompletableFuture.reportGet(CompletableFuture.java:395)
	at java.util.concurrent.CompletableFuture.get(CompletableFuture.java:2022)
	at scala.meta.internal.metals.BuildServerConnection.$anonfun$shutdown$1(BuildServerConnection.scala:152)
	at scala.meta.internal.metals.BuildServerConnection.$anonfun$shutdown$1$adapted(BuildServerConnection.scala:149)
	at scala.concurrent.impl.Promise$Transformation.run(Promise.scala:467)
	at java.util.concurrent.ThreadPoolExecutor.runWorker(ThreadPoolExecutor.java:1128)
	at java.util.concurrent.ThreadPoolExecutor$Worker.run(ThreadPoolExecutor.java:628)
	at java.lang.Thread.run(Thread.java:834)
Caused by: org.eclipse.lsp4j.jsonrpc.JsonRpcException: java.io.IOException: An existing connection was forcibly closed by the remote host
	at org.eclipse.lsp4j.jsonrpc.json.StreamMessageConsumer.consume(StreamMessageConsumer.java:72)
	at scala.meta.internal.metals.RequestMonitorImpl$$anon$1.consume(ServerLivenessMonitor.scala:39)
	at org.eclipse.lsp4j.jsonrpc.RemoteEndpoint.request(RemoteEndpoint.java:161)
	at org.eclipse.lsp4j.jsonrpc.services.EndpointProxy.invoke(EndpointProxy.java:91)
	at com.sun.proxy.$Proxy10.buildShutdown(null)
	at scala.meta.internal.metals.BuildServerConnection.$anonfun$shutdown$1(BuildServerConnection.scala:152)
	at scala.meta.internal.metals.BuildServerConnection.$anonfun$shutdown$1$adapted(BuildServerConnection.scala:149)
	at scala.concurrent.impl.Promise$Transformation.run(Promise.scala:467)
	at java.util.concurrent.ThreadPoolExecutor.runWorker(ThreadPoolExecutor.java:1128)
	at java.util.concurrent.ThreadPoolExecutor$Worker.run(ThreadPoolExecutor.java:628)
	at java.lang.Thread.run(Thread.java:834)
Caused by: java.io.IOException: An existing connection was forcibly closed by the remote host
	at sun.nio.ch.SocketDispatcher.write0(Native Method)
	at sun.nio.ch.SocketDispatcher.write(SocketDispatcher.java:51)
	at sun.nio.ch.IOUtil.writeFromNativeBuffer(IOUtil.java:113)
	at sun.nio.ch.IOUtil.write(IOUtil.java:79)
	at sun.nio.ch.IOUtil.write(IOUtil.java:50)
	at sun.nio.ch.SocketChannelImpl.write(SocketChannelImpl.java:463)
	at sun.nio.ch.SinkChannelImpl.write(SinkChannelImpl.java:114)
	at java.nio.channels.Channels.writeFullyImpl(Channels.java:74)
	at java.nio.channels.Channels.writeFully(Channels.java:94)
	at java.nio.channels.Channels$1.write(Channels.java:172)
	at java.io.OutputStream.write(OutputStream.java:122)
	at java.nio.channels.Channels$1.write(Channels.java:152)
	at scala.meta.internal.metals.ClosableOutputStream.write(ClosableOutputStream.scala:26)
	at java.io.FilterOutputStream.write(FilterOutputStream.java:137)
	at java.io.FilterOutputStream.write(FilterOutputStream.java:108)
	at org.eclipse.lsp4j.jsonrpc.json.StreamMessageConsumer.consume(StreamMessageConsumer.java:67)
	at scala.meta.internal.metals.RequestMonitorImpl$$anon$1.consume(ServerLivenessMonitor.scala:39)
	at org.eclipse.lsp4j.jsonrpc.RemoteEndpoint.request(RemoteEndpoint.java:161)
	at org.eclipse.lsp4j.jsonrpc.services.EndpointProxy.invoke(EndpointProxy.java:91)
	at com.sun.proxy.$Proxy10.buildShutdown(null)
	at scala.meta.internal.metals.BuildServerConnection.$anonfun$shutdown$1(BuildServerConnection.scala:152)
	at scala.meta.internal.metals.BuildServerConnection.$anonfun$shutdown$1$adapted(BuildServerConnection.scala:149)
	at scala.concurrent.impl.Promise$Transformation.run(Promise.scala:467)
	at java.util.concurrent.ThreadPoolExecutor.runWorker(ThreadPoolExecutor.java:1128)
	at java.util.concurrent.ThreadPoolExecutor$Worker.run(ThreadPoolExecutor.java:628)
	at java.lang.Thread.run(Thread.java:834)

2023.12.20 21:21:33 ERROR build shutdown: bloop
java.util.concurrent.ExecutionException: org.eclipse.lsp4j.jsonrpc.JsonRpcException: java.io.IOException: An existing connection was forcibly closed by the remote host
	at java.util.concurrent.CompletableFuture.reportGet(CompletableFuture.java:395)
	at java.util.concurrent.CompletableFuture.get(CompletableFuture.java:2022)
	at scala.meta.internal.metals.BuildServerConnection.$anonfun$shutdown$1(BuildServerConnection.scala:152)
	at scala.meta.internal.metals.BuildServerConnection.$anonfun$shutdown$1$adapted(BuildServerConnection.scala:149)
	at scala.concurrent.impl.Promise$Transformation.run(Promise.scala:467)
	at java.util.concurrent.ThreadPoolExecutor.runWorker(ThreadPoolExecutor.java:1128)
	at java.util.concurrent.ThreadPoolExecutor$Worker.run(ThreadPoolExecutor.java:628)
	at java.lang.Thread.run(Thread.java:834)
Caused by: org.eclipse.lsp4j.jsonrpc.JsonRpcException: java.io.IOException: An existing connection was forcibly closed by the remote host
	at org.eclipse.lsp4j.jsonrpc.json.StreamMessageConsumer.consume(StreamMessageConsumer.java:72)
	at scala.meta.internal.metals.RequestMonitorImpl$$anon$1.consume(ServerLivenessMonitor.scala:39)
	at org.eclipse.lsp4j.jsonrpc.RemoteEndpoint.request(RemoteEndpoint.java:161)
	at org.eclipse.lsp4j.jsonrpc.services.EndpointProxy.invoke(EndpointProxy.java:91)
	at com.sun.proxy.$Proxy10.buildShutdown(null)
	at scala.meta.internal.metals.BuildServerConnection.$anonfun$shutdown$1(BuildServerConnection.scala:152)
	at scala.meta.internal.metals.BuildServerConnection.$anonfun$shutdown$1$adapted(BuildServerConnection.scala:149)
	at scala.concurrent.impl.Promise$Transformation.run(Promise.scala:467)
	at java.util.concurrent.ThreadPoolExecutor.runWorker(ThreadPoolExecutor.java:1128)
	at java.util.concurrent.ThreadPoolExecutor$Worker.run(ThreadPoolExecutor.java:628)
	at java.lang.Thread.run(Thread.java:834)
Caused by: java.io.IOException: An existing connection was forcibly closed by the remote host
	at sun.nio.ch.SocketDispatcher.write0(Native Method)
	at sun.nio.ch.SocketDispatcher.write(SocketDispatcher.java:51)
	at sun.nio.ch.IOUtil.writeFromNativeBuffer(IOUtil.java:113)
	at sun.nio.ch.IOUtil.write(IOUtil.java:79)
	at sun.nio.ch.IOUtil.write(IOUtil.java:50)
	at sun.nio.ch.SocketChannelImpl.write(SocketChannelImpl.java:463)
	at sun.nio.ch.SinkChannelImpl.write(SinkChannelImpl.java:114)
	at java.nio.channels.Channels.writeFullyImpl(Channels.java:74)
	at java.nio.channels.Channels.writeFully(Channels.java:94)
	at java.nio.channels.Channels$1.write(Channels.java:172)
	at java.io.OutputStream.write(OutputStream.java:122)
	at java.nio.channels.Channels$1.write(Channels.java:152)
	at scala.meta.internal.metals.ClosableOutputStream.write(ClosableOutputStream.scala:26)
	at java.io.FilterOutputStream.write(FilterOutputStream.java:137)
	at java.io.FilterOutputStream.write(FilterOutputStream.java:108)
	at org.eclipse.lsp4j.jsonrpc.json.StreamMessageConsumer.consume(StreamMessageConsumer.java:67)
	at scala.meta.internal.metals.RequestMonitorImpl$$anon$1.consume(ServerLivenessMonitor.scala:39)
	at org.eclipse.lsp4j.jsonrpc.RemoteEndpoint.request(RemoteEndpoint.java:161)
	at org.eclipse.lsp4j.jsonrpc.services.EndpointProxy.invoke(EndpointProxy.java:91)
	at com.sun.proxy.$Proxy10.buildShutdown(null)
	at scala.meta.internal.metals.BuildServerConnection.$anonfun$shutdown$1(BuildServerConnection.scala:152)
	at scala.meta.internal.metals.BuildServerConnection.$anonfun$shutdown$1$adapted(BuildServerConnection.scala:149)
	at scala.concurrent.impl.Promise$Transformation.run(Promise.scala:467)
	at java.util.concurrent.ThreadPoolExecutor.runWorker(ThreadPoolExecutor.java:1128)
	at java.util.concurrent.ThreadPoolExecutor$Worker.run(ThreadPoolExecutor.java:628)
	at java.lang.Thread.run(Thread.java:834)

2023.12.20 21:21:33 ERROR build shutdown: bloop
java.util.concurrent.ExecutionException: org.eclipse.lsp4j.jsonrpc.JsonRpcException: java.io.IOException: An existing connection was forcibly closed by the remote host
	at java.util.concurrent.CompletableFuture.reportGet(CompletableFuture.java:395)
	at java.util.concurrent.CompletableFuture.get(CompletableFuture.java:2022)
	at scala.meta.internal.metals.BuildServerConnection.$anonfun$shutdown$1(BuildServerConnection.scala:152)
	at scala.meta.internal.metals.BuildServerConnection.$anonfun$shutdown$1$adapted(BuildServerConnection.scala:149)
	at scala.concurrent.impl.Promise$Transformation.run(Promise.scala:467)
	at java.util.concurrent.ThreadPoolExecutor.runWorker(ThreadPoolExecutor.java:1128)
	at java.util.concurrent.ThreadPoolExecutor$Worker.run(ThreadPoolExecutor.java:628)
	at java.lang.Thread.run(Thread.java:834)
Caused by: org.eclipse.lsp4j.jsonrpc.JsonRpcException: java.io.IOException: An existing connection was forcibly closed by the remote host
	at org.eclipse.lsp4j.jsonrpc.json.StreamMessageConsumer.consume(StreamMessageConsumer.java:72)
	at scala.meta.internal.metals.RequestMonitorImpl$$anon$1.consume(ServerLivenessMonitor.scala:39)
	at org.eclipse.lsp4j.jsonrpc.RemoteEndpoint.request(RemoteEndpoint.java:161)
	at org.eclipse.lsp4j.jsonrpc.services.EndpointProxy.invoke(EndpointProxy.java:91)
	at com.sun.proxy.$Proxy10.buildShutdown(null)
	at scala.meta.internal.metals.BuildServerConnection.$anonfun$shutdown$1(BuildServerConnection.scala:152)
	at scala.meta.internal.metals.BuildServerConnection.$anonfun$shutdown$1$adapted(BuildServerConnection.scala:149)
	at scala.concurrent.impl.Promise$Transformation.run(Promise.scala:467)
	at java.util.concurrent.ThreadPoolExecutor.runWorker(ThreadPoolExecutor.java:1128)
	at java.util.concurrent.ThreadPoolExecutor$Worker.run(ThreadPoolExecutor.java:628)
	at java.lang.Thread.run(Thread.java:834)
Caused by: java.io.IOException: An existing connection was forcibly closed by the remote host
	at sun.nio.ch.SocketDispatcher.write0(Native Method)
	at sun.nio.ch.SocketDispatcher.write(SocketDispatcher.java:51)
	at sun.nio.ch.IOUtil.writeFromNativeBuffer(IOUtil.java:113)
	at sun.nio.ch.IOUtil.write(IOUtil.java:79)
	at sun.nio.ch.IOUtil.write(IOUtil.java:50)
	at sun.nio.ch.SocketChannelImpl.write(SocketChannelImpl.java:463)
	at sun.nio.ch.SinkChannelImpl.write(SinkChannelImpl.java:114)
	at java.nio.channels.Channels.writeFullyImpl(Channels.java:74)
	at java.nio.channels.Channels.writeFully(Channels.java:94)
	at java.nio.channels.Channels$1.write(Channels.java:172)
	at java.io.OutputStream.write(OutputStream.java:122)
	at java.nio.channels.Channels$1.write(Channels.java:152)
	at scala.meta.internal.metals.ClosableOutputStream.write(ClosableOutputStream.scala:26)
	at java.io.FilterOutputStream.write(FilterOutputStream.java:137)
	at java.io.FilterOutputStream.write(FilterOutputStream.java:108)
	at org.eclipse.lsp4j.jsonrpc.json.StreamMessageConsumer.consume(StreamMessageConsumer.java:67)
	at scala.meta.internal.metals.RequestMonitorImpl$$anon$1.consume(ServerLivenessMonitor.scala:39)
	at org.eclipse.lsp4j.jsonrpc.RemoteEndpoint.request(RemoteEndpoint.java:161)
	at org.eclipse.lsp4j.jsonrpc.services.EndpointProxy.invoke(EndpointProxy.java:91)
	at com.sun.proxy.$Proxy10.buildShutdown(null)
	at scala.meta.internal.metals.BuildServerConnection.$anonfun$shutdown$1(BuildServerConnection.scala:152)
	at scala.meta.internal.metals.BuildServerConnection.$anonfun$shutdown$1$adapted(BuildServerConnection.scala:149)
	at scala.concurrent.impl.Promise$Transformation.run(Promise.scala:467)
	at java.util.concurrent.ThreadPoolExecutor.runWorker(ThreadPoolExecutor.java:1128)
	at java.util.concurrent.ThreadPoolExecutor$Worker.run(ThreadPoolExecutor.java:628)
	at java.lang.Thread.run(Thread.java:834)

2023.12.20 21:21:33 INFO  Deleted directories inside .bloop
2023.12.20 21:21:33 INFO  Attempting to connect to the build server...
2023.12.20 21:21:33 INFO  Bloop uses C:\Program Files\Eclipse Adoptium\jdk-17.0.8.101-hotspot defined at C:\Users\simon\.bloop\bloop.json
No server running at 127.0.0.1:8212, skipping 'exit' or 'ng-stop' command!
No server running at 127.0.0.1:8212, skipping 'exit' or 'ng-stop' command!
No server running at 127.0.0.1:8212, skipping 'exit' or 'ng-stop' command!
2023.12.20 21:21:35 INFO  Deleted directories inside .bloop
2023.12.20 21:21:35 INFO  Attempting to connect to the build server...
2023.12.20 21:21:35 INFO  Bloop uses C:\Program Files\Eclipse Adoptium\jdk-17.0.8.101-hotspot defined at C:\Users\simon\.bloop\bloop.json
2023.12.20 21:21:35 INFO  Deleted directories inside .bloop
2023.12.20 21:21:35 INFO  Attempting to connect to the build server...
2023.12.20 21:21:35 INFO  Bloop uses C:\Program Files\Eclipse Adoptium\jdk-17.0.8.101-hotspot defined at C:\Users\simon\.bloop\bloop.json
2023.12.20 21:21:36 INFO  Deleted directories inside .bloop
2023.12.20 21:21:36 INFO  Attempting to connect to the build server...
2023.12.20 21:21:36 INFO  Bloop uses C:\Program Files\Eclipse Adoptium\jdk-17.0.8.101-hotspot defined at C:\Users\simon\.bloop\bloop.json
2023.12.20 21:21:37 INFO  tracing is disabled for protocol BSP, to enable tracing of incoming and outgoing JSON messages create an empty file at C:\Users\simon\Documents\Functional\scala-project\.metals\bsp.trace.json or C:\Users\simon\AppData\Local\scalameta\metals\cache\bsp.trace.json
2023.12.20 21:21:37 INFO  tracing is disabled for protocol BSP, to enable tracing of incoming and outgoing JSON messages create an empty file at C:\Users\simon\Documents\Functional\week1\.metals\bsp.trace.json or C:\Users\simon\AppData\Local\scalameta\metals\cache\bsp.trace.json
2023.12.20 21:21:37 INFO  tracing is disabled for protocol BSP, to enable tracing of incoming and outgoing JSON messages create an empty file at C:\Users\simon\Documents\Functional\week3\.metals\bsp.trace.json or C:\Users\simon\AppData\Local\scalameta\metals\cache\bsp.trace.json
2023.12.20 21:21:37 INFO  tracing is disabled for protocol BSP, to enable tracing of incoming and outgoing JSON messages create an empty file at C:\Users\simon\Documents\Functional\week2\.metals\bsp.trace.json or C:\Users\simon\AppData\Local\scalameta\metals\cache\bsp.trace.json
2023.12.20 21:21:37 INFO  Attempting to connect to the build server...
2023.12.20 21:21:37 INFO  time: Connected to build server in 1.83s
2023.12.20 21:21:37 INFO  time: Connected to build server in 1.39s
2023.12.20 21:21:37 INFO  time: Connected to build server in 1.8s
2023.12.20 21:21:37 INFO  Connected to Build server: Bloop v1.5.13
2023.12.20 21:21:37 INFO  Connected to Build server: Bloop v1.5.13
2023.12.20 21:21:37 INFO  Connected to Build server: Bloop v1.5.13
2023.12.20 21:21:37 INFO  Bloop uses C:\Program Files\Eclipse Adoptium\jdk-17.0.8.101-hotspot defined at C:\Users\simon\.bloop\bloop.json
2023.12.20 21:21:37 INFO  tracing is disabled for protocol BSP, to enable tracing of incoming and outgoing JSON messages create an empty file at C:\Users\simon\Documents\Functional\scala-project\project\.metals\bsp.trace.json or C:\Users\simon\AppData\Local\scalameta\metals\cache\bsp.trace.json
2023.12.20 21:21:37 INFO  time: Connected to build server in 4.08s
2023.12.20 21:21:37 INFO  Connected to Build server: Bloop v1.5.13
2023.12.20 21:21:37 INFO  time: Imported build in 0.17s
2023.12.20 21:21:37 INFO  time: Imported build in 0.17s
2023.12.20 21:21:37 INFO  time: Imported build in 0.17s
2023.12.20 21:21:37 INFO  time: Imported build in 0.1s
2023.12.20 21:21:40 INFO  time: indexed workspace in 2.29s
2023.12.20 21:21:40 INFO  time: indexed workspace in 2.79s
2023.12.20 21:21:40 INFO  time: indexed workspace in 2.79s
2023.12.20 21:21:40 WARN  no build target for: C:\Users\simon\Documents\Functional\scala-project\src\main\scala\example\example.worksheet.sc
2023.12.20 21:21:40 INFO  time: indexed workspace in 2.84s
2023.12.20 21:21:40 WARN  no build target for: C:\Users\simon\Documents\Functional\scala-project\src\main\scala\example\example.worksheet.sc
2023.12.20 21:21:40 WARN  no build target for: C:\Users\simon\Documents\Functional\scala-project\src\main\scala\example\example.worksheet.sc
2023.12.20 21:21:44 INFO  time: evaluated worksheet 'example.worksheet.sc' in 4.3s
2023.12.20 21:21:44 INFO  time: evaluated worksheet 'example.worksheet.sc' in 4.06s
2023.12.20 21:21:45 INFO  time: code lens generation in 4.63s
2023.12.20 21:21:45 INFO  time: evaluated worksheet 'example.worksheet.sc' in 5.08s
2023.12.20 21:21:46 INFO  time: evaluated worksheet 'example.worksheet.sc' in 5.45s
Dec 20, 2023 9:21:51 PM org.eclipse.lsp4j.jsonrpc.RemoteEndpoint fallbackResponseError
SEVERE: Internal error: scala.meta.internal.metals.debug.DebugProvider$NoRunOptionException$: There is nothing to run or test in the current file.
java.util.concurrent.CompletionException: scala.meta.internal.metals.debug.DebugProvider$NoRunOptionException$: There is nothing to run or test in the current file.
	at java.base/java.util.concurrent.CompletableFuture.encodeThrowable(CompletableFuture.java:331)
	at java.base/java.util.concurrent.CompletableFuture.uniAcceptNow(CompletableFuture.java:743)
	at java.base/java.util.concurrent.CompletableFuture.uniAcceptStage(CompletableFuture.java:731)
	at java.base/java.util.concurrent.CompletableFuture.thenAcceptAsync(CompletableFuture.java:2112)
	at scala.concurrent.java8.FuturesConvertersImpl$CF.thenAccept(FutureConvertersImpl.scala:37)
	at org.eclipse.lsp4j.jsonrpc.RemoteEndpoint.handleRequest(RemoteEndpoint.java:279)
	at org.eclipse.lsp4j.jsonrpc.RemoteEndpoint.consume(RemoteEndpoint.java:190)
	at org.eclipse.lsp4j.jsonrpc.json.StreamMessageProducer.handleMessage(StreamMessageProducer.java:194)
	at org.eclipse.lsp4j.jsonrpc.json.StreamMessageProducer.listen(StreamMessageProducer.java:94)
	at org.eclipse.lsp4j.jsonrpc.json.ConcurrentMessageProcessor.run(ConcurrentMessageProcessor.java:113)
	at java.base/java.util.concurrent.Executors$RunnableAdapter.call(Executors.java:515)
	at java.base/java.util.concurrent.FutureTask.run(FutureTask.java:264)
	at java.base/java.util.concurrent.ThreadPoolExecutor.runWorker(ThreadPoolExecutor.java:1128)
	at java.base/java.util.concurrent.ThreadPoolExecutor$Worker.run(ThreadPoolExecutor.java:628)
	at java.base/java.lang.Thread.run(Thread.java:834)
Caused by: scala.meta.internal.metals.debug.DebugProvider$NoRunOptionException$: There is nothing to run or test in the current file.
	at scala.meta.internal.metals.debug.DebugProvider$NoRunOptionException$.<clinit>(DebugProvider.scala:916)
	at scala.meta.internal.metals.debug.DebugProvider.$anonfun$resolveInFile$2(DebugProvider.scala:371)
	at scala.Option.fold(Option.scala:263)
	at scala.meta.internal.metals.debug.DebugProvider.resolveInFile(DebugProvider.scala:342)
	at scala.meta.internal.metals.debug.DebugProvider.debugDiscovery(DebugProvider.scala:482)
	at scala.meta.internal.metals.debug.DebugProvider.runCommandDiscovery(DebugProvider.scala:420)
	at scala.meta.internal.metals.MetalsLspService.discoverMainClasses(MetalsLspService.scala:1779)
	at scala.meta.internal.metals.WorkspaceLspService.executeCommand(WorkspaceLspService.scala:719)
	at scala.meta.metals.lsp.DelegatingScalaService.executeCommand(DelegatingScalaService.scala:169)
	at java.base/jdk.internal.reflect.NativeMethodAccessorImpl.invoke0(Native Method)
	at java.base/jdk.internal.reflect.NativeMethodAccessorImpl.invoke(NativeMethodAccessorImpl.java:62)
	at java.base/jdk.internal.reflect.DelegatingMethodAccessorImpl.invoke(DelegatingMethodAccessorImpl.java:43)
	at java.base/java.lang.reflect.Method.invoke(Method.java:566)
	at org.eclipse.lsp4j.jsonrpc.services.GenericEndpoint.lambda$null$0(GenericEndpoint.java:65)
	at org.eclipse.lsp4j.jsonrpc.services.GenericEndpoint.request(GenericEndpoint.java:120)
	at org.eclipse.lsp4j.jsonrpc.RemoteEndpoint.handleRequest(RemoteEndpoint.java:261)
	... 9 more

2023.12.20 21:23:18 INFO  compiling example (1 scala source)
2023.12.20 21:23:21 INFO  time: compiled example in 2.62s
2023.12.20 21:23:45 INFO  Disconnecting from Bloop session...
2023.12.20 21:23:45 INFO  Shut down connection with build server.
2023.12.20 21:23:45 INFO  Attempting to connect to the build server...
2023.12.20 21:23:45 INFO  Bloop uses C:\Program Files\Eclipse Adoptium\jdk-17.0.8.101-hotspot defined at C:\Users\simon\.bloop\bloop.json
2023.12.20 21:23:45 INFO  tracing is disabled for protocol BSP, to enable tracing of incoming and outgoing JSON messages create an empty file at C:\Users\simon\Documents\Functional\week1\.metals\bsp.trace.json or C:\Users\simon\AppData\Local\scalameta\metals\cache\bsp.trace.json
2023.12.20 21:23:45 INFO  time: Connected to build server in 48ms
2023.12.20 21:23:45 INFO  Connected to Build server: Bloop v1.5.13
2023.12.20 21:23:46 INFO  time: indexed workspace in 0.88s
2023.12.20 21:23:48 INFO  compiling example-test (1 scala source)
2023.12.20 21:23:48 INFO  time: compiled example-test in 382?s
Dec 20, 2023 9:24:06 PM org.eclipse.lsp4j.jsonrpc.RemoteEndpoint fallbackResponseError
SEVERE: Internal error: scala.meta.internal.metals.debug.DebugProvider$NoRunOptionException$: There is nothing to run or test in the current file.
java.util.concurrent.CompletionException: scala.meta.internal.metals.debug.DebugProvider$NoRunOptionException$: There is nothing to run or test in the current file.
	at java.base/java.util.concurrent.CompletableFuture.encodeThrowable(CompletableFuture.java:331)
	at java.base/java.util.concurrent.CompletableFuture.uniAcceptNow(CompletableFuture.java:743)
	at java.base/java.util.concurrent.CompletableFuture.uniAcceptStage(CompletableFuture.java:731)
	at java.base/java.util.concurrent.CompletableFuture.thenAcceptAsync(CompletableFuture.java:2112)
	at scala.concurrent.java8.FuturesConvertersImpl$CF.thenAccept(FutureConvertersImpl.scala:37)
	at org.eclipse.lsp4j.jsonrpc.RemoteEndpoint.handleRequest(RemoteEndpoint.java:279)
	at org.eclipse.lsp4j.jsonrpc.RemoteEndpoint.consume(RemoteEndpoint.java:190)
	at org.eclipse.lsp4j.jsonrpc.json.StreamMessageProducer.handleMessage(StreamMessageProducer.java:194)
	at org.eclipse.lsp4j.jsonrpc.json.StreamMessageProducer.listen(StreamMessageProducer.java:94)
	at org.eclipse.lsp4j.jsonrpc.json.ConcurrentMessageProcessor.run(ConcurrentMessageProcessor.java:113)
	at java.base/java.util.concurrent.Executors$RunnableAdapter.call(Executors.java:515)
	at java.base/java.util.concurrent.FutureTask.run(FutureTask.java:264)
	at java.base/java.util.concurrent.ThreadPoolExecutor.runWorker(ThreadPoolExecutor.java:1128)
	at java.base/java.util.concurrent.ThreadPoolExecutor$Worker.run(ThreadPoolExecutor.java:628)
	at java.base/java.lang.Thread.run(Thread.java:834)
Caused by: scala.meta.internal.metals.debug.DebugProvider$NoRunOptionException$: There is nothing to run or test in the current file.
	at scala.meta.internal.metals.debug.DebugProvider$NoRunOptionException$.<clinit>(DebugProvider.scala:916)
	at scala.meta.internal.metals.debug.DebugProvider.$anonfun$resolveInFile$2(DebugProvider.scala:371)
	at scala.Option.fold(Option.scala:263)
	at scala.meta.internal.metals.debug.DebugProvider.resolveInFile(DebugProvider.scala:342)
	at scala.meta.internal.metals.debug.DebugProvider.debugDiscovery(DebugProvider.scala:482)
	at scala.meta.internal.metals.debug.DebugProvider.runCommandDiscovery(DebugProvider.scala:420)
	at scala.meta.internal.metals.MetalsLspService.discoverMainClasses(MetalsLspService.scala:1779)
	at scala.meta.internal.metals.WorkspaceLspService.executeCommand(WorkspaceLspService.scala:719)
	at scala.meta.metals.lsp.DelegatingScalaService.executeCommand(DelegatingScalaService.scala:169)
	at java.base/jdk.internal.reflect.NativeMethodAccessorImpl.invoke0(Native Method)
	at java.base/jdk.internal.reflect.NativeMethodAccessorImpl.invoke(NativeMethodAccessorImpl.java:62)
	at java.base/jdk.internal.reflect.DelegatingMethodAccessorImpl.invoke(DelegatingMethodAccessorImpl.java:43)
	at java.base/java.lang.reflect.Method.invoke(Method.java:566)
	at org.eclipse.lsp4j.jsonrpc.services.GenericEndpoint.lambda$null$0(GenericEndpoint.java:65)
	at org.eclipse.lsp4j.jsonrpc.services.GenericEndpoint.request(GenericEndpoint.java:120)
	at org.eclipse.lsp4j.jsonrpc.RemoteEndpoint.handleRequest(RemoteEndpoint.java:261)
	... 9 more

Dec 20, 2023 9:24:34 PM org.eclipse.lsp4j.jsonrpc.RemoteEndpoint fallbackResponseError
SEVERE: Internal error: scala.meta.internal.metals.debug.DebugProvider$NoRunOptionException$: There is nothing to run or test in the current file.
java.util.concurrent.CompletionException: scala.meta.internal.metals.debug.DebugProvider$NoRunOptionException$: There is nothing to run or test in the current file.
	at java.base/java.util.concurrent.CompletableFuture.encodeThrowable(CompletableFuture.java:331)
	at java.base/java.util.concurrent.CompletableFuture.uniAcceptNow(CompletableFuture.java:743)
	at java.base/java.util.concurrent.CompletableFuture.uniAcceptStage(CompletableFuture.java:731)
	at java.base/java.util.concurrent.CompletableFuture.thenAcceptAsync(CompletableFuture.java:2112)
	at scala.concurrent.java8.FuturesConvertersImpl$CF.thenAccept(FutureConvertersImpl.scala:37)
	at org.eclipse.lsp4j.jsonrpc.RemoteEndpoint.handleRequest(RemoteEndpoint.java:279)
	at org.eclipse.lsp4j.jsonrpc.RemoteEndpoint.consume(RemoteEndpoint.java:190)
	at org.eclipse.lsp4j.jsonrpc.json.StreamMessageProducer.handleMessage(StreamMessageProducer.java:194)
	at org.eclipse.lsp4j.jsonrpc.json.StreamMessageProducer.listen(StreamMessageProducer.java:94)
	at org.eclipse.lsp4j.jsonrpc.json.ConcurrentMessageProcessor.run(ConcurrentMessageProcessor.java:113)
	at java.base/java.util.concurrent.Executors$RunnableAdapter.call(Executors.java:515)
	at java.base/java.util.concurrent.FutureTask.run(FutureTask.java:264)
	at java.base/java.util.concurrent.ThreadPoolExecutor.runWorker(ThreadPoolExecutor.java:1128)
	at java.base/java.util.concurrent.ThreadPoolExecutor$Worker.run(ThreadPoolExecutor.java:628)
	at java.base/java.lang.Thread.run(Thread.java:834)
Caused by: scala.meta.internal.metals.debug.DebugProvider$NoRunOptionException$: There is nothing to run or test in the current file.
	at scala.meta.internal.metals.debug.DebugProvider$NoRunOptionException$.<clinit>(DebugProvider.scala:916)
	at scala.meta.internal.metals.debug.DebugProvider.$anonfun$resolveInFile$2(DebugProvider.scala:371)
	at scala.Option.fold(Option.scala:263)
	at scala.meta.internal.metals.debug.DebugProvider.resolveInFile(DebugProvider.scala:342)
	at scala.meta.internal.metals.debug.DebugProvider.debugDiscovery(DebugProvider.scala:482)
	at scala.meta.internal.metals.debug.DebugProvider.runCommandDiscovery(DebugProvider.scala:420)
	at scala.meta.internal.metals.MetalsLspService.discoverMainClasses(MetalsLspService.scala:1779)
	at scala.meta.internal.metals.WorkspaceLspService.executeCommand(WorkspaceLspService.scala:719)
	at scala.meta.metals.lsp.DelegatingScalaService.executeCommand(DelegatingScalaService.scala:169)
	at java.base/jdk.internal.reflect.NativeMethodAccessorImpl.invoke0(Native Method)
	at java.base/jdk.internal.reflect.NativeMethodAccessorImpl.invoke(NativeMethodAccessorImpl.java:62)
	at java.base/jdk.internal.reflect.DelegatingMethodAccessorImpl.invoke(DelegatingMethodAccessorImpl.java:43)
	at java.base/java.lang.reflect.Method.invoke(Method.java:566)
	at org.eclipse.lsp4j.jsonrpc.services.GenericEndpoint.lambda$null$0(GenericEndpoint.java:65)
	at org.eclipse.lsp4j.jsonrpc.services.GenericEndpoint.request(GenericEndpoint.java:120)
	at org.eclipse.lsp4j.jsonrpc.RemoteEndpoint.handleRequest(RemoteEndpoint.java:261)
	... 9 more

Dec 20, 2023 9:25:23 PM org.eclipse.lsp4j.jsonrpc.RemoteEndpoint fallbackResponseError
SEVERE: Internal error: scala.meta.internal.metals.debug.DebugProvider$NoRunOptionException$: There is nothing to run or test in the current file.
java.util.concurrent.CompletionException: scala.meta.internal.metals.debug.DebugProvider$NoRunOptionException$: There is nothing to run or test in the current file.
	at java.base/java.util.concurrent.CompletableFuture.encodeThrowable(CompletableFuture.java:331)
	at java.base/java.util.concurrent.CompletableFuture.uniAcceptNow(CompletableFuture.java:743)
	at java.base/java.util.concurrent.CompletableFuture.uniAcceptStage(CompletableFuture.java:731)
	at java.base/java.util.concurrent.CompletableFuture.thenAcceptAsync(CompletableFuture.java:2112)
	at scala.concurrent.java8.FuturesConvertersImpl$CF.thenAccept(FutureConvertersImpl.scala:37)
	at org.eclipse.lsp4j.jsonrpc.RemoteEndpoint.handleRequest(RemoteEndpoint.java:279)
	at org.eclipse.lsp4j.jsonrpc.RemoteEndpoint.consume(RemoteEndpoint.java:190)
	at org.eclipse.lsp4j.jsonrpc.json.StreamMessageProducer.handleMessage(StreamMessageProducer.java:194)
	at org.eclipse.lsp4j.jsonrpc.json.StreamMessageProducer.listen(StreamMessageProducer.java:94)
	at org.eclipse.lsp4j.jsonrpc.json.ConcurrentMessageProcessor.run(ConcurrentMessageProcessor.java:113)
	at java.base/java.util.concurrent.Executors$RunnableAdapter.call(Executors.java:515)
	at java.base/java.util.concurrent.FutureTask.run(FutureTask.java:264)
	at java.base/java.util.concurrent.ThreadPoolExecutor.runWorker(ThreadPoolExecutor.java:1128)
	at java.base/java.util.concurrent.ThreadPoolExecutor$Worker.run(ThreadPoolExecutor.java:628)
	at java.base/java.lang.Thread.run(Thread.java:834)
Caused by: scala.meta.internal.metals.debug.DebugProvider$NoRunOptionException$: There is nothing to run or test in the current file.
	at scala.meta.internal.metals.debug.DebugProvider$NoRunOptionException$.<clinit>(DebugProvider.scala:916)
	at scala.meta.internal.metals.debug.DebugProvider.$anonfun$resolveInFile$2(DebugProvider.scala:371)
	at scala.Option.fold(Option.scala:263)
	at scala.meta.internal.metals.debug.DebugProvider.resolveInFile(DebugProvider.scala:342)
	at scala.meta.internal.metals.debug.DebugProvider.debugDiscovery(DebugProvider.scala:482)
	at scala.meta.internal.metals.debug.DebugProvider.runCommandDiscovery(DebugProvider.scala:420)
	at scala.meta.internal.metals.MetalsLspService.discoverMainClasses(MetalsLspService.scala:1779)
	at scala.meta.internal.metals.WorkspaceLspService.executeCommand(WorkspaceLspService.scala:719)
	at scala.meta.metals.lsp.DelegatingScalaService.executeCommand(DelegatingScalaService.scala:169)
	at java.base/jdk.internal.reflect.NativeMethodAccessorImpl.invoke0(Native Method)
	at java.base/jdk.internal.reflect.NativeMethodAccessorImpl.invoke(NativeMethodAccessorImpl.java:62)
	at java.base/jdk.internal.reflect.DelegatingMethodAccessorImpl.invoke(DelegatingMethodAccessorImpl.java:43)
	at java.base/java.lang.reflect.Method.invoke(Method.java:566)
	at org.eclipse.lsp4j.jsonrpc.services.GenericEndpoint.lambda$null$0(GenericEndpoint.java:65)
	at org.eclipse.lsp4j.jsonrpc.services.GenericEndpoint.request(GenericEndpoint.java:120)
	at org.eclipse.lsp4j.jsonrpc.RemoteEndpoint.handleRequest(RemoteEndpoint.java:261)
	... 9 more

2023.12.20 21:32:26 INFO  time: evaluated worksheet 'example.worksheet.sc' in 1.06s
[31merror[39m: src\main\scala\example\example.worksheet.sc:84:1: 
value - is not a member of MdocApp.this.Rational
x - y
^^^
2023.12.20 21:33:08 INFO  time: evaluated worksheet 'example.worksheet.sc' in 0.7s
2023.12.20 21:34:12 INFO  time: evaluated worksheet 'example.worksheet.sc' in 1.04s
